[debug] [2021-01-28T03:33:36.869Z] ----------------------------------------------------------------------
[debug] [2021-01-28T03:33:36.871Z] Command:       /usr/local/bin/node /usr/local/bin/firebase init
[debug] [2021-01-28T03:33:36.872Z] CLI Version:   9.2.2
[debug] [2021-01-28T03:33:36.872Z] Platform:      darwin
[debug] [2021-01-28T03:33:36.872Z] Node Version:  v10.15.3
[debug] [2021-01-28T03:33:36.872Z] Time:          Thu Jan 28 2021 10:33:36 GMT+0700 (Indochina Time)
[debug] [2021-01-28T03:33:36.872Z] ----------------------------------------------------------------------
[debug] [2021-01-28T03:33:36.872Z] 
[debug] [2021-01-28T03:33:36.883Z] > command requires scopes: ["email","openid","https://www.googleapis.com/auth/cloudplatformprojects.readonly","https://www.googleapis.com/auth/firebase","https://www.googleapis.com/auth/cloud-platform"]
[debug] [2021-01-28T03:33:36.883Z] > authorizing via signed-in user
[info] 
     ######## #### ########  ######## ########     ###     ######  ########
     ##        ##  ##     ## ##       ##     ##  ##   ##  ##       ##
     ######    ##  ########  ######   ########  #########  ######  ######
     ##        ##  ##    ##  ##       ##     ## ##     ##       ## ##
     ##       #### ##     ## ######## ########  ##     ##  ######  ########

You're about to initialize a Firebase project in this directory:

  /Volumes/Harley's SSD/USTH/group-project

Before we get started, keep in mind:

  * You are currently outside your home directory

